The system is: Windows - 10.0.19044 - AMD64
The system is: Windows - 10.0.19044 - AMD64
Compiling the C compiler identification source file "CMakeCCompilerId.c" succeeded.
Compiler: C:/Program Files/JetBrains/CLion 2021.2.3/bin/mingw/bin/gcc.exe 
Build flags: 
Id flags:  

The output was:
0


Compilation of the C compiler identification source "CMakeCCompilerId.c" produced "a.exe"

Compiling the C compiler identification source file "CMakeCCompilerId.c" succeeded.
Compiler: C:/Program Files/JetBrains/CLion 2021.2.3/bin/mingw/bin/gcc.exe 
Build flags: 
Id flags:  

The output was:
0


Compilation of the C compiler identification source "CMakeCCompilerId.c" produced "a.exe"

The C compiler identification is GNU, found in "C:/Users/ASUS/Desktop/PoliTo/II Anno/I Semestre/Algoritmi e Strutture Dati/Projects/L06/E03/cmake-build-debug/CMakeFiles/3.21.1/CompilerIdC/a.exe"

The C compiler identification is GNU, found in "C:/Users/ASUS/Desktop/PoliTo/II Anno/I Semestre/Algoritmi e Strutture Dati/Projects/L06/E03/cmake-build-debug/CMakeFiles/3.21.1/CompilerIdC/a.exe"

Determining if the C compiler works passed with the following output:
Change Dir: C:/Users/ASUS/Desktop/PoliTo/II Anno/I Semestre/Algoritmi e Strutture Dati/Projects/L06/E03/cmake-build-debug/CMakeFiles/CMakeTmp

Run Build Command(s):C:/Program Files/JetBrains/CLion 2021.2.3/bin/ninja/win/ninja.exe cmTC_c936c && [1/2] Building C object CMakeFiles/cmTC_c936c.dir/testCCompiler.c.obj
[2/2] Linking C executable cmTC_c936c.exe



Determining if the C compiler works passed with the following output:
Change Dir: C:/Users/ASUS/Desktop/PoliTo/II Anno/I Semestre/Algoritmi e Strutture Dati/Projects/L06/E03/cmake-build-debug/CMakeFiles/CMakeTmp

Run Build Command(s):C:/Program Files/JetBrains/CLion 2021.2.3/bin/ninja/win/ninja.exe cmTC_fb1b7 && [1/2] Building C object CMakeFiles/cmTC_fb1b7.dir/testCCompiler.c.obj
[2/2] Linking C executable cmTC_fb1b7.exe



